...alfa
.beta
.....delta
...gamma
1.8833
.....Alfa
.......Beta
...Gamma
.delta
2.0425
.......Gdansk
.....Krakow
...Lodz
.....Poznan
.......Szczecin
.Warszawa
...Wroclaw
2.2466
.......DNIEPR
.....DNIESTR
.......DON
...DUNAJ
.....DZWINA
.........LABA
.......LOARA
.REN
.......TAG
.....URAL
.......WISLA
...WOLGA
3.1549
.....dolnoslaskie
.......kujawskopom
...lodzkie
.......lubelskie
.........lubuskie
.....malopolskie
.mazowieckie
.......opolskie
.....podkarpackie
.........podlaskie
.......pomorskie
...slaskie
.........swietokrzyskie
.......warminskomaz
.....wielkopolskie
.......zachodniopom
2.9995
